This file contains any messages produced by compilers while
running configure, to aid debugging if configure makes a mistake.

It was created by ngila configure current-r1M, which was
generated by GNU Autoconf 2.59.  Invocation command line was

  $ ./configure 

## --------- ##
## Platform. ##
## --------- ##

hostname = asmus8.genetics.uga.edu
uname -m = i386
uname -r = 5.4-SECURITY
uname -s = FreeBSD
uname -v = FreeBSD 5.4-SECURITY #0: Wed Jul 20 08:57:11 UTC 2005     root@builder.daemonology.net:/usr/obj/usr/src/sys/GENERIC 

/usr/bin/uname -p = i386
/bin/uname -X     = unknown

/bin/arch              = unknown
/usr/bin/arch -k       = unknown
/usr/convex/getsysinfo = unknown
hostinfo               = unknown
/bin/machine           = unknown
/usr/bin/oslevel       = unknown
/bin/universe          = unknown

PATH: /sbin
PATH: /bin
PATH: /usr/sbin
PATH: /usr/bin
PATH: /usr/games
PATH: /usr/local/sbin
PATH: /usr/local/bin
PATH: /usr/X11R6/bin
PATH: /home/reed/bin


## ----------- ##
## Core tests. ##
## ----------- ##

configure:1365: checking build system type
configure:1383: result: i386-unknown-freebsd5.4
configure:1391: checking host system type
configure:1405: result: i386-unknown-freebsd5.4
configure:1427: checking for a BSD-compatible install
configure:1482: result: /usr/bin/install -c
configure:1493: checking whether build environment is sane
configure:1536: result: yes
configure:1601: checking for gawk
configure:1617: found /usr/local/bin/gawk
configure:1627: result: gawk
configure:1637: checking whether make sets $(MAKE)
configure:1657: result: yes
configure:1840: checking for style of include used by make
configure:1868: result: GNU
configure:1945: checking for g++
configure:1961: found /usr/bin/g++
configure:1971: result: g++
configure:1987: checking for C++ compiler version
configure:1990: g++ --version </dev/null >&5
g++ (GCC) 3.4.2 [FreeBSD] 20040728
Copyright (C) 2004 Free Software Foundation, Inc.
This is free software; see the source for copying conditions.  There is NO
warranty; not even for MERCHANTABILITY or FITNESS FOR A PARTICULAR PURPOSE.

configure:1993: $? = 0
configure:1995: g++ -v </dev/null >&5
Using built-in specs.
Configured with: FreeBSD/i386 system compiler
Thread model: posix
gcc version 3.4.2 [FreeBSD] 20040728
configure:1998: $? = 0
configure:2000: g++ -V </dev/null >&5
g++: `-V' option must have argument
configure:2003: $? = 1
configure:2026: checking for C++ compiler default output file name
configure:2029: g++    conftest.cc  >&5
configure:2032: $? = 0
configure:2078: result: a.out
configure:2083: checking whether the C++ compiler works
configure:2089: ./a.out
configure:2092: $? = 0
configure:2109: result: yes
configure:2116: checking whether we are cross compiling
configure:2118: result: no
configure:2121: checking for suffix of executables
configure:2123: g++ -o conftest    conftest.cc  >&5
configure:2126: $? = 0
configure:2151: result: 
configure:2157: checking for suffix of object files
configure:2178: g++ -c   conftest.cc >&5
configure:2181: $? = 0
configure:2203: result: o
configure:2207: checking whether we are using the GNU C++ compiler
configure:2231: g++ -c   conftest.cc >&5
configure:2237: $? = 0
configure:2241: test -z 
			 || test ! -s conftest.err
configure:2244: $? = 0
configure:2247: test -s conftest.o
configure:2250: $? = 0
configure:2263: result: yes
configure:2269: checking whether g++ accepts -g
configure:2290: g++ -c -g  conftest.cc >&5
configure:2296: $? = 0
configure:2300: test -z 
			 || test ! -s conftest.err
configure:2303: $? = 0
configure:2306: test -s conftest.o
configure:2309: $? = 0
configure:2320: result: yes
configure:2362: g++ -c -g -O2  conftest.cc >&5
configure:2368: $? = 0
configure:2372: test -z 
			 || test ! -s conftest.err
configure:2375: $? = 0
configure:2378: test -s conftest.o
configure:2381: $? = 0
configure:2407: g++ -c -g -O2  conftest.cc >&5
conftest.cc: In function `int main()':
conftest.cc:15: error: `exit' undeclared (first use this function)
conftest.cc:15: error: (Each undeclared identifier is reported only once for each function it appears in.)
configure:2413: $? = 1
configure: failed program was:
| /* confdefs.h.  */
| 
| #define PACKAGE_NAME "ngila"
| #define PACKAGE_TARNAME "ngila"
| #define PACKAGE_VERSION "current-r1M"
| #define PACKAGE_STRING "ngila current-r1M"
| #define PACKAGE_BUGREPORT "http://scit.us/projects/ngila/"
| #define PACKAGE "ngila"
| #define VERSION "current-r1M"
| /* end confdefs.h.  */
| 
| int
| main ()
| {
| exit (42);
|   ;
|   return 0;
| }
configure:2362: g++ -c -g -O2  conftest.cc >&5
configure:2368: $? = 0
configure:2372: test -z 
			 || test ! -s conftest.err
configure:2375: $? = 0
configure:2378: test -s conftest.o
configure:2381: $? = 0
configure:2407: g++ -c -g -O2  conftest.cc >&5
configure:2413: $? = 0
configure:2417: test -z 
			 || test ! -s conftest.err
configure:2420: $? = 0
configure:2423: test -s conftest.o
configure:2426: $? = 0
configure:2451: checking dependency style of g++
configure:2541: result: gcc3
configure:2563: checking how to run the C++ preprocessor
configure:2594: g++ -E  conftest.cc
configure:2600: $? = 0
configure:2632: g++ -E  conftest.cc
conftest.cc:14:28: ac_nonexistent.h: No such file or directory
configure:2638: $? = 1
configure: failed program was:
| /* confdefs.h.  */
| 
| #define PACKAGE_NAME "ngila"
| #define PACKAGE_TARNAME "ngila"
| #define PACKAGE_VERSION "current-r1M"
| #define PACKAGE_STRING "ngila current-r1M"
| #define PACKAGE_BUGREPORT "http://scit.us/projects/ngila/"
| #define PACKAGE "ngila"
| #define VERSION "current-r1M"
| #ifdef __cplusplus
| extern "C" void std::exit (int) throw (); using std::exit;
| #endif
| /* end confdefs.h.  */
| #include <ac_nonexistent.h>
configure:2677: result: g++ -E
configure:2701: g++ -E  conftest.cc
configure:2707: $? = 0
configure:2739: g++ -E  conftest.cc
conftest.cc:14:28: ac_nonexistent.h: No such file or directory
configure:2745: $? = 1
configure: failed program was:
| /* confdefs.h.  */
| 
| #define PACKAGE_NAME "ngila"
| #define PACKAGE_TARNAME "ngila"
| #define PACKAGE_VERSION "current-r1M"
| #define PACKAGE_STRING "ngila current-r1M"
| #define PACKAGE_BUGREPORT "http://scit.us/projects/ngila/"
| #define PACKAGE "ngila"
| #define VERSION "current-r1M"
| #ifdef __cplusplus
| extern "C" void std::exit (int) throw (); using std::exit;
| #endif
| /* end confdefs.h.  */
| #include <ac_nonexistent.h>
configure:2834: checking for gcc
configure:2850: found /usr/bin/gcc
configure:2860: result: gcc
configure:3104: checking for C compiler version
configure:3107: gcc --version </dev/null >&5
gcc (GCC) 3.4.2 [FreeBSD] 20040728
Copyright (C) 2004 Free Software Foundation, Inc.
This is free software; see the source for copying conditions.  There is NO
warranty; not even for MERCHANTABILITY or FITNESS FOR A PARTICULAR PURPOSE.

configure:3110: $? = 0
configure:3112: gcc -v </dev/null >&5
Using built-in specs.
Configured with: FreeBSD/i386 system compiler
Thread model: posix
gcc version 3.4.2 [FreeBSD] 20040728
configure:3115: $? = 0
configure:3117: gcc -V </dev/null >&5
gcc: `-V' option must have argument
configure:3120: $? = 1
configure:3123: checking whether we are using the GNU C compiler
configure:3147: gcc -c   conftest.c >&5
configure:3153: $? = 0
configure:3157: test -z 
			 || test ! -s conftest.err
configure:3160: $? = 0
configure:3163: test -s conftest.o
configure:3166: $? = 0
configure:3179: result: yes
configure:3185: checking whether gcc accepts -g
configure:3206: gcc -c -g  conftest.c >&5
configure:3212: $? = 0
configure:3216: test -z 
			 || test ! -s conftest.err
configure:3219: $? = 0
configure:3222: test -s conftest.o
configure:3225: $? = 0
configure:3236: result: yes
configure:3253: checking for gcc option to accept ANSI C
configure:3323: gcc  -c -g -O2  conftest.c >&5
configure:3329: $? = 0
configure:3333: test -z 
			 || test ! -s conftest.err
configure:3336: $? = 0
configure:3339: test -s conftest.o
configure:3342: $? = 0
configure:3360: result: none needed
configure:3378: gcc -c -g -O2  conftest.c >&5
conftest.c:2: error: syntax error before "me"
configure:3384: $? = 1
configure: failed program was:
| #ifndef __cplusplus
|   choke me
| #endif
configure:3519: checking dependency style of gcc
configure:3609: result: gcc3
configure:3631: checking how to run the C preprocessor
configure:3666: gcc -E  conftest.c
configure:3672: $? = 0
configure:3704: gcc -E  conftest.c
conftest.c:14:28: ac_nonexistent.h: No such file or directory
configure:3710: $? = 1
configure: failed program was:
| /* confdefs.h.  */
| 
| #define PACKAGE_NAME "ngila"
| #define PACKAGE_TARNAME "ngila"
| #define PACKAGE_VERSION "current-r1M"
| #define PACKAGE_STRING "ngila current-r1M"
| #define PACKAGE_BUGREPORT "http://scit.us/projects/ngila/"
| #define PACKAGE "ngila"
| #define VERSION "current-r1M"
| #ifdef __cplusplus
| extern "C" void std::exit (int) throw (); using std::exit;
| #endif
| /* end confdefs.h.  */
| #include <ac_nonexistent.h>
configure:3749: result: gcc -E
configure:3773: gcc -E  conftest.c
configure:3779: $? = 0
configure:3811: gcc -E  conftest.c
conftest.c:14:28: ac_nonexistent.h: No such file or directory
configure:3817: $? = 1
configure: failed program was:
| /* confdefs.h.  */
| 
| #define PACKAGE_NAME "ngila"
| #define PACKAGE_TARNAME "ngila"
| #define PACKAGE_VERSION "current-r1M"
| #define PACKAGE_STRING "ngila current-r1M"
| #define PACKAGE_BUGREPORT "http://scit.us/projects/ngila/"
| #define PACKAGE "ngila"
| #define VERSION "current-r1M"
| #ifdef __cplusplus
| extern "C" void std::exit (int) throw (); using std::exit;
| #endif
| /* end confdefs.h.  */
| #include <ac_nonexistent.h>
configure:3954: checking for C++ compiler version
configure:3957: g++ --version </dev/null >&5
g++ (GCC) 3.4.2 [FreeBSD] 20040728
Copyright (C) 2004 Free Software Foundation, Inc.
This is free software; see the source for copying conditions.  There is NO
warranty; not even for MERCHANTABILITY or FITNESS FOR A PARTICULAR PURPOSE.

configure:3960: $? = 0
configure:3962: g++ -v </dev/null >&5
Using built-in specs.
Configured with: FreeBSD/i386 system compiler
Thread model: posix
gcc version 3.4.2 [FreeBSD] 20040728
configure:3965: $? = 0
configure:3967: g++ -V </dev/null >&5
g++: `-V' option must have argument
configure:3970: $? = 1
configure:3973: checking whether we are using the GNU C++ compiler
configure:4029: result: yes
configure:4035: checking whether g++ accepts -g
configure:4086: result: yes
configure:4128: g++ -c -g -O2  conftest.cc >&5
configure:4134: $? = 0
configure:4138: test -z 
			 || test ! -s conftest.err
configure:4141: $? = 0
configure:4144: test -s conftest.o
configure:4147: $? = 0
configure:4173: g++ -c -g -O2  conftest.cc >&5
configure:4179: $? = 0
configure:4183: test -z 
			 || test ! -s conftest.err
configure:4186: $? = 0
configure:4189: test -s conftest.o
configure:4192: $? = 0
configure:4217: checking dependency style of g++
configure:4307: result: gcc3
configure:4370: checking for gcc
configure:4396: result: gcc
configure:4640: checking for C compiler version
configure:4643: gcc --version </dev/null >&5
gcc (GCC) 3.4.2 [FreeBSD] 20040728
Copyright (C) 2004 Free Software Foundation, Inc.
This is free software; see the source for copying conditions.  There is NO
warranty; not even for MERCHANTABILITY or FITNESS FOR A PARTICULAR PURPOSE.

configure:4646: $? = 0
configure:4648: gcc -v </dev/null >&5
Using built-in specs.
Configured with: FreeBSD/i386 system compiler
Thread model: posix
gcc version 3.4.2 [FreeBSD] 20040728
configure:4651: $? = 0
configure:4653: gcc -V </dev/null >&5
gcc: `-V' option must have argument
configure:4656: $? = 1
configure:4659: checking whether we are using the GNU C compiler
configure:4715: result: yes
configure:4721: checking whether gcc accepts -g
configure:4772: result: yes
configure:4789: checking for gcc option to accept ANSI C
configure:4896: result: none needed
configure:4914: gcc -c -g -O2  conftest.c >&5
conftest.c:2: error: syntax error before "me"
configure:4920: $? = 1
configure: failed program was:
| #ifndef __cplusplus
|   choke me
| #endif
configure:5055: checking dependency style of gcc
configure:5145: result: gcc3
configure:5166: checking for bison
configure:5182: found /usr/local/bin/bison
configure:5192: result: bison -y
configure:5208: checking for flex
configure:5224: found /usr/bin/flex
configure:5234: result: flex
configure:5247: checking for yywrap in -lfl
configure:5277: gcc -o conftest -g -O2   conftest.c -lfl   >&5
configure:5283: $? = 0
configure:5287: test -z 
			 || test ! -s conftest.err
configure:5290: $? = 0
configure:5293: test -s conftest
configure:5296: $? = 0
configure:5309: result: yes
configure:5387: checking lex output file root
configure:5398: flex conftest.l
configure:5401: $? = 0
configure:5413: result: lex.yy
configure:5418: checking whether yytext is a pointer
configure:5434: gcc -o conftest -g -O2   conftest.c  -lfl >&5
configure:5440: $? = 0
configure:5444: test -z 
			 || test ! -s conftest.err
configure:5447: $? = 0
configure:5450: test -s conftest
configure:5453: $? = 0
configure:5467: result: yes
configure:5483: checking for diff
configure:5499: found /usr/bin/diff
configure:5509: result: diff
configure:5526: checking for main in -lstdc++
configure:5550: g++ -o conftest -g -O2   conftest.cc -lstdc++   >&5
configure:5556: $? = 0
configure:5560: test -z 
			 || test ! -s conftest.err
configure:5563: $? = 0
configure:5566: test -s conftest
configure:5569: $? = 0
configure:5582: result: yes
configure:5594: checking for main in -lgcc
configure:5618: g++ -o conftest -g -O2   conftest.cc -lgcc  -lstdc++  >&5
configure:5624: $? = 0
configure:5628: test -z 
			 || test ! -s conftest.err
configure:5631: $? = 0
configure:5634: test -s conftest
configure:5637: $? = 0
configure:5650: result: yes
configure:5662: checking for main in -lcxa
configure:5686: g++ -o conftest -g -O2   conftest.cc -lcxa  -lgcc -lstdc++  >&5
/usr/bin/ld: cannot find -lcxa
configure:5692: $? = 1
configure: failed program was:
| /* confdefs.h.  */
| 
| #define PACKAGE_NAME "ngila"
| #define PACKAGE_TARNAME "ngila"
| #define PACKAGE_VERSION "current-r1M"
| #define PACKAGE_STRING "ngila current-r1M"
| #define PACKAGE_BUGREPORT "http://scit.us/projects/ngila/"
| #define PACKAGE "ngila"
| #define VERSION "current-r1M"
| #ifdef __cplusplus
| extern "C" void std::exit (int) throw (); using std::exit;
| #endif
| #define YYTEXT_POINTER 1
| #define HAVE_LIBSTDC__ 1
| #define HAVE_LIBGCC 1
| /* end confdefs.h.  */
| 
| 
| int
| main ()
| {
| main ();
|   ;
|   return 0;
| }
configure:5718: result: no
configure:5730: checking for main in -lcprts
configure:5754: g++ -o conftest -g -O2   conftest.cc -lcprts  -lgcc -lstdc++  >&5
/usr/bin/ld: cannot find -lcprts
configure:5760: $? = 1
configure: failed program was:
| /* confdefs.h.  */
| 
| #define PACKAGE_NAME "ngila"
| #define PACKAGE_TARNAME "ngila"
| #define PACKAGE_VERSION "current-r1M"
| #define PACKAGE_STRING "ngila current-r1M"
| #define PACKAGE_BUGREPORT "http://scit.us/projects/ngila/"
| #define PACKAGE "ngila"
| #define VERSION "current-r1M"
| #ifdef __cplusplus
| extern "C" void std::exit (int) throw (); using std::exit;
| #endif
| #define YYTEXT_POINTER 1
| #define HAVE_LIBSTDC__ 1
| #define HAVE_LIBGCC 1
| /* end confdefs.h.  */
| 
| 
| int
| main ()
| {
| main ();
|   ;
|   return 0;
| }
configure:5786: result: no
configure:5798: checking for main in -lunwind
configure:5822: g++ -o conftest -g -O2   conftest.cc -lunwind  -lgcc -lstdc++  >&5
/usr/bin/ld: cannot find -lunwind
configure:5828: $? = 1
configure: failed program was:
| /* confdefs.h.  */
| 
| #define PACKAGE_NAME "ngila"
| #define PACKAGE_TARNAME "ngila"
| #define PACKAGE_VERSION "current-r1M"
| #define PACKAGE_STRING "ngila current-r1M"
| #define PACKAGE_BUGREPORT "http://scit.us/projects/ngila/"
| #define PACKAGE "ngila"
| #define VERSION "current-r1M"
| #ifdef __cplusplus
| extern "C" void std::exit (int) throw (); using std::exit;
| #endif
| #define YYTEXT_POINTER 1
| #define HAVE_LIBSTDC__ 1
| #define HAVE_LIBGCC 1
| /* end confdefs.h.  */
| 
| 
| int
| main ()
| {
| main ();
|   ;
|   return 0;
| }
configure:5854: result: no
configure:5868: checking for egrep
configure:5878: result: grep -E
configure:5883: checking for ANSI C header files
configure:5908: g++ -c -g -O2  conftest.cc >&5
configure:5914: $? = 0
configure:5918: test -z 
			 || test ! -s conftest.err
configure:5921: $? = 0
configure:5924: test -s conftest.o
configure:5927: $? = 0
configure:6013: g++ -o conftest -g -O2   conftest.cc -lgcc -lstdc++  >&5
configure:6016: $? = 0
configure:6018: ./conftest
configure:6021: $? = 0
configure:6036: result: yes
configure:6060: checking for sys/types.h
configure:6076: g++ -c -g -O2  conftest.cc >&5
configure:6082: $? = 0
configure:6086: test -z 
			 || test ! -s conftest.err
configure:6089: $? = 0
configure:6092: test -s conftest.o
configure:6095: $? = 0
configure:6106: result: yes
configure:6060: checking for sys/stat.h
configure:6076: g++ -c -g -O2  conftest.cc >&5
configure:6082: $? = 0
configure:6086: test -z 
			 || test ! -s conftest.err
configure:6089: $? = 0
configure:6092: test -s conftest.o
configure:6095: $? = 0
configure:6106: result: yes
configure:6060: checking for stdlib.h
configure:6076: g++ -c -g -O2  conftest.cc >&5
configure:6082: $? = 0
configure:6086: test -z 
			 || test ! -s conftest.err
configure:6089: $? = 0
configure:6092: test -s conftest.o
configure:6095: $? = 0
configure:6106: result: yes
configure:6060: checking for string.h
configure:6076: g++ -c -g -O2  conftest.cc >&5
configure:6082: $? = 0
configure:6086: test -z 
			 || test ! -s conftest.err
configure:6089: $? = 0
configure:6092: test -s conftest.o
configure:6095: $? = 0
configure:6106: result: yes
configure:6060: checking for memory.h
configure:6076: g++ -c -g -O2  conftest.cc >&5
configure:6082: $? = 0
configure:6086: test -z 
			 || test ! -s conftest.err
configure:6089: $? = 0
configure:6092: test -s conftest.o
configure:6095: $? = 0
configure:6106: result: yes
configure:6060: checking for strings.h
configure:6076: g++ -c -g -O2  conftest.cc >&5
configure:6082: $? = 0
configure:6086: test -z 
			 || test ! -s conftest.err
configure:6089: $? = 0
configure:6092: test -s conftest.o
configure:6095: $? = 0
configure:6106: result: yes
configure:6060: checking for inttypes.h
configure:6076: g++ -c -g -O2  conftest.cc >&5
configure:6082: $? = 0
configure:6086: test -z 
			 || test ! -s conftest.err
configure:6089: $? = 0
configure:6092: test -s conftest.o
configure:6095: $? = 0
configure:6106: result: yes
configure:6060: checking for stdint.h
configure:6076: g++ -c -g -O2  conftest.cc >&5
configure:6082: $? = 0
configure:6086: test -z 
			 || test ! -s conftest.err
configure:6089: $? = 0
configure:6092: test -s conftest.o
configure:6095: $? = 0
configure:6106: result: yes
configure:6060: checking for unistd.h
configure:6076: g++ -c -g -O2  conftest.cc >&5
configure:6082: $? = 0
configure:6086: test -z 
			 || test ! -s conftest.err
configure:6089: $? = 0
configure:6092: test -s conftest.o
configure:6095: $? = 0
configure:6106: result: yes
configure:6141: checking time.h usability
configure:6153: g++ -c -g -O2  conftest.cc >&5
configure:6159: $? = 0
configure:6163: test -z 
			 || test ! -s conftest.err
configure:6166: $? = 0
configure:6169: test -s conftest.o
configure:6172: $? = 0
configure:6182: result: yes
configure:6186: checking time.h presence
configure:6196: g++ -E  conftest.cc
configure:6202: $? = 0
configure:6222: result: yes
configure:6257: checking for time.h
configure:6264: result: yes
configure:6141: checking float.h usability
configure:6153: g++ -c -g -O2  conftest.cc >&5
configure:6159: $? = 0
configure:6163: test -z 
			 || test ! -s conftest.err
configure:6166: $? = 0
configure:6169: test -s conftest.o
configure:6172: $? = 0
configure:6182: result: yes
configure:6186: checking float.h presence
configure:6196: g++ -E  conftest.cc
configure:6202: $? = 0
configure:6222: result: yes
configure:6257: checking for float.h
configure:6264: result: yes
configure:6141: checking stdio.h usability
configure:6153: g++ -c -g -O2  conftest.cc >&5
configure:6159: $? = 0
configure:6163: test -z 
			 || test ! -s conftest.err
configure:6166: $? = 0
configure:6169: test -s conftest.o
configure:6172: $? = 0
configure:6182: result: yes
configure:6186: checking stdio.h presence
configure:6196: g++ -E  conftest.cc
configure:6202: $? = 0
configure:6222: result: yes
configure:6257: checking for stdio.h
configure:6264: result: yes
configure:6132: checking for unistd.h
configure:6137: result: yes
configure:6141: checking math.h usability
configure:6153: g++ -c -g -O2  conftest.cc >&5
configure:6159: $? = 0
configure:6163: test -z 
			 || test ! -s conftest.err
configure:6166: $? = 0
configure:6169: test -s conftest.o
configure:6172: $? = 0
configure:6182: result: yes
configure:6186: checking math.h presence
configure:6196: g++ -E  conftest.cc
configure:6202: $? = 0
configure:6222: result: yes
configure:6257: checking for math.h
configure:6264: result: yes
configure:6141: checking assert.h usability
configure:6153: g++ -c -g -O2  conftest.cc >&5
configure:6159: $? = 0
configure:6163: test -z 
			 || test ! -s conftest.err
configure:6166: $? = 0
configure:6169: test -s conftest.o
configure:6172: $? = 0
configure:6182: result: yes
configure:6186: checking assert.h presence
configure:6196: g++ -E  conftest.cc
configure:6202: $? = 0
configure:6222: result: yes
configure:6257: checking for assert.h
configure:6264: result: yes
configure:6141: checking stdarg.h usability
configure:6153: g++ -c -g -O2  conftest.cc >&5
configure:6159: $? = 0
configure:6163: test -z 
			 || test ! -s conftest.err
configure:6166: $? = 0
configure:6169: test -s conftest.o
configure:6172: $? = 0
configure:6182: result: yes
configure:6186: checking stdarg.h presence
configure:6196: g++ -E  conftest.cc
configure:6202: $? = 0
configure:6222: result: yes
configure:6257: checking for stdarg.h
configure:6264: result: yes
configure:6141: checking stddef.h usability
configure:6153: g++ -c -g -O2  conftest.cc >&5
configure:6159: $? = 0
configure:6163: test -z 
			 || test ! -s conftest.err
configure:6166: $? = 0
configure:6169: test -s conftest.o
configure:6172: $? = 0
configure:6182: result: yes
configure:6186: checking stddef.h presence
configure:6196: g++ -E  conftest.cc
configure:6202: $? = 0
configure:6222: result: yes
configure:6257: checking for stddef.h
configure:6264: result: yes
configure:6141: checking process.h usability
configure:6153: g++ -c -g -O2  conftest.cc >&5
conftest.cc:69:21: process.h: No such file or directory
configure:6159: $? = 1
configure: failed program was:
| /* confdefs.h.  */
| 
| #define PACKAGE_NAME "ngila"
| #define PACKAGE_TARNAME "ngila"
| #define PACKAGE_VERSION "current-r1M"
| #define PACKAGE_STRING "ngila current-r1M"
| #define PACKAGE_BUGREPORT "http://scit.us/projects/ngila/"
| #define PACKAGE "ngila"
| #define VERSION "current-r1M"
| #ifdef __cplusplus
| extern "C" void std::exit (int) throw (); using std::exit;
| #endif
| #define YYTEXT_POINTER 1
| #define HAVE_LIBSTDC__ 1
| #define HAVE_LIBGCC 1
| #define STDC_HEADERS 1
| #define HAVE_SYS_TYPES_H 1
| #define HAVE_SYS_STAT_H 1
| #define HAVE_STDLIB_H 1
| #define HAVE_STRING_H 1
| #define HAVE_MEMORY_H 1
| #define HAVE_STRINGS_H 1
| #define HAVE_INTTYPES_H 1
| #define HAVE_STDINT_H 1
| #define HAVE_UNISTD_H 1
| #define HAVE_TIME_H 1
| #define HAVE_FLOAT_H 1
| #define HAVE_STDIO_H 1
| #define HAVE_UNISTD_H 1
| #define HAVE_MATH_H 1
| #define HAVE_ASSERT_H 1
| #define HAVE_STDARG_H 1
| #define HAVE_STDDEF_H 1
| /* end confdefs.h.  */
| #include <stdio.h>
| #if HAVE_SYS_TYPES_H
| # include <sys/types.h>
| #endif
| #if HAVE_SYS_STAT_H
| # include <sys/stat.h>
| #endif
| #if STDC_HEADERS
| # include <stdlib.h>
| # include <stddef.h>
| #else
| # if HAVE_STDLIB_H
| #  include <stdlib.h>
| # endif
| #endif
| #if HAVE_STRING_H
| # if !STDC_HEADERS && HAVE_MEMORY_H
| #  include <memory.h>
| # endif
| # include <string.h>
| #endif
| #if HAVE_STRINGS_H
| # include <strings.h>
| #endif
| #if HAVE_INTTYPES_H
| # include <inttypes.h>
| #else
| # if HAVE_STDINT_H
| #  include <stdint.h>
| # endif
| #endif
| #if HAVE_UNISTD_H
| # include <unistd.h>
| #endif
| #include <process.h>
configure:6182: result: no
configure:6186: checking process.h presence
configure:6196: g++ -E  conftest.cc
conftest.cc:35:21: process.h: No such file or directory
configure:6202: $? = 1
configure: failed program was:
| /* confdefs.h.  */
| 
| #define PACKAGE_NAME "ngila"
| #define PACKAGE_TARNAME "ngila"
| #define PACKAGE_VERSION "current-r1M"
| #define PACKAGE_STRING "ngila current-r1M"
| #define PACKAGE_BUGREPORT "http://scit.us/projects/ngila/"
| #define PACKAGE "ngila"
| #define VERSION "current-r1M"
| #ifdef __cplusplus
| extern "C" void std::exit (int) throw (); using std::exit;
| #endif
| #define YYTEXT_POINTER 1
| #define HAVE_LIBSTDC__ 1
| #define HAVE_LIBGCC 1
| #define STDC_HEADERS 1
| #define HAVE_SYS_TYPES_H 1
| #define HAVE_SYS_STAT_H 1
| #define HAVE_STDLIB_H 1
| #define HAVE_STRING_H 1
| #define HAVE_MEMORY_H 1
| #define HAVE_STRINGS_H 1
| #define HAVE_INTTYPES_H 1
| #define HAVE_STDINT_H 1
| #define HAVE_UNISTD_H 1
| #define HAVE_TIME_H 1
| #define HAVE_FLOAT_H 1
| #define HAVE_STDIO_H 1
| #define HAVE_UNISTD_H 1
| #define HAVE_MATH_H 1
| #define HAVE_ASSERT_H 1
| #define HAVE_STDARG_H 1
| #define HAVE_STDDEF_H 1
| /* end confdefs.h.  */
| #include <process.h>
configure:6222: result: no
configure:6257: checking for process.h
configure:6264: result: no
configure:6141: checking getopt.h usability
configure:6153: g++ -c -g -O2  conftest.cc >&5
configure:6159: $? = 0
configure:6163: test -z 
			 || test ! -s conftest.err
configure:6166: $? = 0
configure:6169: test -s conftest.o
configure:6172: $? = 0
configure:6182: result: yes
configure:6186: checking getopt.h presence
configure:6196: g++ -E  conftest.cc
configure:6202: $? = 0
configure:6222: result: yes
configure:6257: checking for getopt.h
configure:6264: result: yes
configure:6279: checking for stdbool.h that conforms to C99
configure:6332: g++ -c -g -O2  conftest.cc >&5
conftest.cc:39:3: #error bool is not defined
conftest.cc:42:3: #error false is not defined
conftest.cc:48:3: #error true is not defined
conftest.cc:57: error: `_Bool' does not name a type
conftest.cc:57: error: `_Bool' does not name a type
conftest.cc:64: error: `_Bool' was not declared in this scope
conftest.cc:66: error: `_Bool' was not declared in this scope
conftest.cc:67: error: 'struct s' has no member named 't'
conftest.cc: In function `int main()':
conftest.cc:72: error: `f' undeclared (first use this function)
conftest.cc:72: error: (Each undeclared identifier is reported only once for each function it appears in.)
conftest.cc:72: error: `h' undeclared (first use this function)
conftest.cc:72: error: `i' undeclared (first use this function)
configure:6338: $? = 1
configure: failed program was:
| /* confdefs.h.  */
| 
| #define PACKAGE_NAME "ngila"
| #define PACKAGE_TARNAME "ngila"
| #define PACKAGE_VERSION "current-r1M"
| #define PACKAGE_STRING "ngila current-r1M"
| #define PACKAGE_BUGREPORT "http://scit.us/projects/ngila/"
| #define PACKAGE "ngila"
| #define VERSION "current-r1M"
| #ifdef __cplusplus
| extern "C" void std::exit (int) throw (); using std::exit;
| #endif
| #define YYTEXT_POINTER 1
| #define HAVE_LIBSTDC__ 1
| #define HAVE_LIBGCC 1
| #define STDC_HEADERS 1
| #define HAVE_SYS_TYPES_H 1
| #define HAVE_SYS_STAT_H 1
| #define HAVE_STDLIB_H 1
| #define HAVE_STRING_H 1
| #define HAVE_MEMORY_H 1
| #define HAVE_STRINGS_H 1
| #define HAVE_INTTYPES_H 1
| #define HAVE_STDINT_H 1
| #define HAVE_UNISTD_H 1
| #define HAVE_TIME_H 1
| #define HAVE_FLOAT_H 1
| #define HAVE_STDIO_H 1
| #define HAVE_UNISTD_H 1
| #define HAVE_MATH_H 1
| #define HAVE_ASSERT_H 1
| #define HAVE_STDARG_H 1
| #define HAVE_STDDEF_H 1
| #define HAVE_GETOPT_H 1
| /* end confdefs.h.  */
| 
| #include <stdbool.h>
| #ifndef bool
| # error bool is not defined
| #endif
| #ifndef false
| # error false is not defined
| #endif
| #if false
| # error false is not 0
| #endif
| #ifndef true
| # error true is not defined
| #endif
| #if true != 1
| # error true is not 1
| #endif
| #ifndef __bool_true_false_are_defined
| # error __bool_true_false_are_defined is not defined
| #endif
| 
| 	struct s { _Bool s: 1; _Bool t; } s;
| 
| 	char a[true == 1 ? 1 : -1];
| 	char b[false == 0 ? 1 : -1];
| 	char c[__bool_true_false_are_defined == 1 ? 1 : -1];
| 	char d[(bool) -0.5 == true ? 1 : -1];
| 	bool e = &s;
| 	char f[(_Bool) -0.0 == false ? 1 : -1];
| 	char g[true];
| 	char h[sizeof (_Bool)];
| 	char i[sizeof s.t];
| 
| int
| main ()
| {
|  return !a + !b + !c + !d + !e + !f + !g + !h + !i;
|   ;
|   return 0;
| }
configure:6362: result: no
configure:6364: checking for _Bool
configure:6388: g++ -c -g -O2  conftest.cc >&5
conftest.cc: In function `int main()':
conftest.cc:73: error: `_Bool' undeclared (first use this function)
conftest.cc:73: error: (Each undeclared identifier is reported only once for each function it appears in.)
conftest.cc:73: error: expected primary-expression before ')' token
conftest.cc:73: error: expected `)' before numeric constant
configure:6394: $? = 1
configure: failed program was:
| /* confdefs.h.  */
| 
| #define PACKAGE_NAME "ngila"
| #define PACKAGE_TARNAME "ngila"
| #define PACKAGE_VERSION "current-r1M"
| #define PACKAGE_STRING "ngila current-r1M"
| #define PACKAGE_BUGREPORT "http://scit.us/projects/ngila/"
| #define PACKAGE "ngila"
| #define VERSION "current-r1M"
| #ifdef __cplusplus
| extern "C" void std::exit (int) throw (); using std::exit;
| #endif
| #define YYTEXT_POINTER 1
| #define HAVE_LIBSTDC__ 1
| #define HAVE_LIBGCC 1
| #define STDC_HEADERS 1
| #define HAVE_SYS_TYPES_H 1
| #define HAVE_SYS_STAT_H 1
| #define HAVE_STDLIB_H 1
| #define HAVE_STRING_H 1
| #define HAVE_MEMORY_H 1
| #define HAVE_STRINGS_H 1
| #define HAVE_INTTYPES_H 1
| #define HAVE_STDINT_H 1
| #define HAVE_UNISTD_H 1
| #define HAVE_TIME_H 1
| #define HAVE_FLOAT_H 1
| #define HAVE_STDIO_H 1
| #define HAVE_UNISTD_H 1
| #define HAVE_MATH_H 1
| #define HAVE_ASSERT_H 1
| #define HAVE_STDARG_H 1
| #define HAVE_STDDEF_H 1
| #define HAVE_GETOPT_H 1
| /* end confdefs.h.  */
| #include <stdio.h>
| #if HAVE_SYS_TYPES_H
| # include <sys/types.h>
| #endif
| #if HAVE_SYS_STAT_H
| # include <sys/stat.h>
| #endif
| #if STDC_HEADERS
| # include <stdlib.h>
| # include <stddef.h>
| #else
| # if HAVE_STDLIB_H
| #  include <stdlib.h>
| # endif
| #endif
| #if HAVE_STRING_H
| # if !STDC_HEADERS && HAVE_MEMORY_H
| #  include <memory.h>
| # endif
| # include <string.h>
| #endif
| #if HAVE_STRINGS_H
| # include <strings.h>
| #endif
| #if HAVE_INTTYPES_H
| # include <inttypes.h>
| #else
| # if HAVE_STDINT_H
| #  include <stdint.h>
| # endif
| #endif
| #if HAVE_UNISTD_H
| # include <unistd.h>
| #endif
| int
| main ()
| {
| if ((_Bool *) 0)
|   return 0;
| if (sizeof (_Bool))
|   return 0;
|   ;
|   return 0;
| }
configure:6418: result: no
configure:6437: checking for an ANSI C-conforming const
configure:6504: g++ -c -g -O2  conftest.cc >&5
configure:6510: $? = 0
configure:6514: test -z 
			 || test ! -s conftest.err
configure:6517: $? = 0
configure:6520: test -s conftest.o
configure:6523: $? = 0
configure:6534: result: yes
configure:6544: checking for inline
configure:6565: g++ -c -g -O2  conftest.cc >&5
configure:6571: $? = 0
configure:6575: test -z 
			 || test ! -s conftest.err
configure:6578: $? = 0
configure:6581: test -s conftest.o
configure:6584: $? = 0
configure:6596: result: inline
configure:6615: checking for size_t
configure:6639: g++ -c -g -O2  conftest.cc >&5
configure:6645: $? = 0
configure:6649: test -z 
			 || test ! -s conftest.err
configure:6652: $? = 0
configure:6655: test -s conftest.o
configure:6658: $? = 0
configure:6669: result: yes
configure:6681: checking whether byte ordering is bigendian
configure:6708: g++ -c -g -O2  conftest.cc >&5
configure:6714: $? = 0
configure:6718: test -z 
			 || test ! -s conftest.err
configure:6721: $? = 0
configure:6724: test -s conftest.o
configure:6727: $? = 0
configure:6751: g++ -c -g -O2  conftest.cc >&5
conftest.cc: In function `int main()':
conftest.cc:43: error: `big' undeclared (first use this function)
conftest.cc:43: error: (Each undeclared identifier is reported only once for each function it appears in.)
conftest.cc:43: error: expected `;' before "endian"
configure:6757: $? = 1
configure: failed program was:
| /* confdefs.h.  */
| 
| #define PACKAGE_NAME "ngila"
| #define PACKAGE_TARNAME "ngila"
| #define PACKAGE_VERSION "current-r1M"
| #define PACKAGE_STRING "ngila current-r1M"
| #define PACKAGE_BUGREPORT "http://scit.us/projects/ngila/"
| #define PACKAGE "ngila"
| #define VERSION "current-r1M"
| #ifdef __cplusplus
| extern "C" void std::exit (int) throw (); using std::exit;
| #endif
| #define YYTEXT_POINTER 1
| #define HAVE_LIBSTDC__ 1
| #define HAVE_LIBGCC 1
| #define STDC_HEADERS 1
| #define HAVE_SYS_TYPES_H 1
| #define HAVE_SYS_STAT_H 1
| #define HAVE_STDLIB_H 1
| #define HAVE_STRING_H 1
| #define HAVE_MEMORY_H 1
| #define HAVE_STRINGS_H 1
| #define HAVE_INTTYPES_H 1
| #define HAVE_STDINT_H 1
| #define HAVE_UNISTD_H 1
| #define HAVE_TIME_H 1
| #define HAVE_FLOAT_H 1
| #define HAVE_STDIO_H 1
| #define HAVE_UNISTD_H 1
| #define HAVE_MATH_H 1
| #define HAVE_ASSERT_H 1
| #define HAVE_STDARG_H 1
| #define HAVE_STDDEF_H 1
| #define HAVE_GETOPT_H 1
| /* end confdefs.h.  */
| #include <sys/types.h>
| #include <sys/param.h>
| 
| int
| main ()
| {
| #if BYTE_ORDER != BIG_ENDIAN
|  not big endian
| #endif
| 
|   ;
|   return 0;
| }
configure:6892: result: no
configure:6917: checking for stdlib.h
configure:6922: result: yes
configure:7062: checking for GNU libc compatible malloc
configure:7091: g++ -o conftest -g -O2   conftest.cc -lgcc -lstdc++  >&5
configure:7094: $? = 0
configure:7096: ./conftest
configure:7099: $? = 0
configure:7113: result: yes
configure:7148: checking for stdlib.h
configure:7153: result: yes
configure:7293: checking for GNU libc compatible realloc
configure:7322: g++ -o conftest -g -O2   conftest.cc -lgcc -lstdc++  >&5
configure:7325: $? = 0
configure:7327: ./conftest
configure:7330: $? = 0
configure:7344: result: yes
configure:7374: checking for function prototypes
configure:7377: result: yes
configure:7394: checking whether setvbuf arguments are reversed
configure:7419: g++ -o conftest -g -O2   conftest.cc -lgcc -lstdc++  >&5
/tmp//cc1dxIfM.o(.text+0x1b): In function `main':
/home/reed/ngila/current/conftest.cc:49: undefined reference to `setvbuf(__sFILE*, int, char*, unsigned int)'
configure:7425: $? = 1
configure: failed program was:
| /* confdefs.h.  */
| 
| #define PACKAGE_NAME "ngila"
| #define PACKAGE_TARNAME "ngila"
| #define PACKAGE_VERSION "current-r1M"
| #define PACKAGE_STRING "ngila current-r1M"
| #define PACKAGE_BUGREPORT "http://scit.us/projects/ngila/"
| #define PACKAGE "ngila"
| #define VERSION "current-r1M"
| #ifdef __cplusplus
| extern "C" void std::exit (int) throw (); using std::exit;
| #endif
| #define YYTEXT_POINTER 1
| #define HAVE_LIBSTDC__ 1
| #define HAVE_LIBGCC 1
| #define STDC_HEADERS 1
| #define HAVE_SYS_TYPES_H 1
| #define HAVE_SYS_STAT_H 1
| #define HAVE_STDLIB_H 1
| #define HAVE_STRING_H 1
| #define HAVE_MEMORY_H 1
| #define HAVE_STRINGS_H 1
| #define HAVE_INTTYPES_H 1
| #define HAVE_STDINT_H 1
| #define HAVE_UNISTD_H 1
| #define HAVE_TIME_H 1
| #define HAVE_FLOAT_H 1
| #define HAVE_STDIO_H 1
| #define HAVE_UNISTD_H 1
| #define HAVE_MATH_H 1
| #define HAVE_ASSERT_H 1
| #define HAVE_STDARG_H 1
| #define HAVE_STDDEF_H 1
| #define HAVE_GETOPT_H 1
| #define HAVE_STDLIB_H 1
| #define HAVE_MALLOC 1
| #define HAVE_STDLIB_H 1
| #define HAVE_REALLOC 1
| #define PROTOTYPES 1
| #define __PROTOTYPES 1
| /* end confdefs.h.  */
| #include <stdio.h>
| #	  if PROTOTYPES
| 	   int (setvbuf) (FILE *, int, char *, size_t);
| #	  endif
| int
| main ()
| {
| char buf; return setvbuf (stdout, _IOLBF, &buf, 1);
|   ;
|   return 0;
| }
configure:7546: result: no
configure:7560: checking for vprintf
configure:7617: g++ -o conftest -g -O2   conftest.cc -lgcc -lstdc++  >&5
configure:7623: $? = 0
configure:7627: test -z 
			 || test ! -s conftest.err
configure:7630: $? = 0
configure:7633: test -s conftest
configure:7636: $? = 0
configure:7648: result: yes
configure:7655: checking for _doprnt
configure:7712: g++ -o conftest -g -O2   conftest.cc -lgcc -lstdc++  >&5
/tmp//cccRvxjq.o(.text+0x14): In function `main':
/home/reed/ngila/current/conftest.cc:83: undefined reference to `_doprnt'
/tmp//cccRvxjq.o(.data+0x0):/home/reed/ngila/current/conftest.cc:82: undefined reference to `_doprnt'
configure:7718: $? = 1
configure: failed program was:
| /* confdefs.h.  */
| 
| #define PACKAGE_NAME "ngila"
| #define PACKAGE_TARNAME "ngila"
| #define PACKAGE_VERSION "current-r1M"
| #define PACKAGE_STRING "ngila current-r1M"
| #define PACKAGE_BUGREPORT "http://scit.us/projects/ngila/"
| #define PACKAGE "ngila"
| #define VERSION "current-r1M"
| #ifdef __cplusplus
| extern "C" void std::exit (int) throw (); using std::exit;
| #endif
| #define YYTEXT_POINTER 1
| #define HAVE_LIBSTDC__ 1
| #define HAVE_LIBGCC 1
| #define STDC_HEADERS 1
| #define HAVE_SYS_TYPES_H 1
| #define HAVE_SYS_STAT_H 1
| #define HAVE_STDLIB_H 1
| #define HAVE_STRING_H 1
| #define HAVE_MEMORY_H 1
| #define HAVE_STRINGS_H 1
| #define HAVE_INTTYPES_H 1
| #define HAVE_STDINT_H 1
| #define HAVE_UNISTD_H 1
| #define HAVE_TIME_H 1
| #define HAVE_FLOAT_H 1
| #define HAVE_STDIO_H 1
| #define HAVE_UNISTD_H 1
| #define HAVE_MATH_H 1
| #define HAVE_ASSERT_H 1
| #define HAVE_STDARG_H 1
| #define HAVE_STDDEF_H 1
| #define HAVE_GETOPT_H 1
| #define HAVE_STDLIB_H 1
| #define HAVE_MALLOC 1
| #define HAVE_STDLIB_H 1
| #define HAVE_REALLOC 1
| #define PROTOTYPES 1
| #define __PROTOTYPES 1
| #define HAVE_VPRINTF 1
| /* end confdefs.h.  */
| /* Define _doprnt to an innocuous variant, in case <limits.h> declares _doprnt.
|    For example, HP-UX 11i <limits.h> declares gettimeofday.  */
| #define _doprnt innocuous__doprnt
| 
| /* System header to define __stub macros and hopefully few prototypes,
|     which can conflict with char _doprnt (); below.
|     Prefer <limits.h> to <assert.h> if __STDC__ is defined, since
|     <limits.h> exists even on freestanding compilers.  */
| 
| #ifdef __STDC__
| # include <limits.h>
| #else
| # include <assert.h>
| #endif
| 
| #undef _doprnt
| 
| /* Override any gcc2 internal prototype to avoid an error.  */
| #ifdef __cplusplus
| extern "C"
| {
| #endif
| /* We use char because int might match the return type of a gcc2
|    builtin and then its argument prototype would still apply.  */
| char _doprnt ();
| /* The GNU C library defines this for functions which it implements
|     to always fail with ENOSYS.  Some functions are actually named
|     something starting with __ and the normal name is an alias.  */
| #if defined (__stub__doprnt) || defined (__stub____doprnt)
| choke me
| #else
| char (*f) () = _doprnt;
| #endif
| #ifdef __cplusplus
| }
| #endif
| 
| int
| main ()
| {
| return f != _doprnt;
|   ;
|   return 0;
| }
configure:7743: result: no
configure:7758: checking CXXFLAGS for maximum warnings
configure:7789: g++ -c -g -O2 -pedantic  -Wall  conftest.cc >&5
configure:7795: $? = 0
configure:7799: test -z 
			 || test ! -s conftest.err
configure:7802: $? = 0
configure:7805: test -s conftest.o
configure:7808: $? = 0
configure:7827: result: -Wall
configure:7840: : CXXFLAGS="$CXXFLAGS $ac_cv_cxxflags_warn_all"
configure:7843: $? = 0
configure:7850: checking CFLAGS for maximum warnings
configure:7881: gcc -c -g -O2 -pedantic  -Wall  conftest.c >&5
configure:7887: $? = 0
configure:7891: test -z 
			 || test ! -s conftest.err
configure:7894: $? = 0
configure:7897: test -s conftest.o
configure:7900: $? = 0
configure:7919: result: -Wall
configure:7932: : CFLAGS="$CFLAGS $ac_cv_cflags_warn_all"
configure:7935: $? = 0
configure:8041: checking for stdint types
configure:8069: g++ -c   conftest.cc >&5
configure:8075: $? = 0
configure:8079: test -z 
			 || test ! -s conftest.err
configure:8082: $? = 0
configure:8085: test -s conftest.o
configure:8088: $? = 0
configure:8117: result: stdint.h (shortcircuit)
configure:10893: result: make use of stdint.h in _stdint.h (assuming C99 compatible system)
configure:11040: creating ./config.status

## ---------------------- ##
## Running config.status. ##
## ---------------------- ##

This file was extended by ngila config.status current-r1M, which was
generated by GNU Autoconf 2.59.  Invocation command line was

  CONFIG_FILES    = 
  CONFIG_HEADERS  = 
  CONFIG_LINKS    = 
  CONFIG_COMMANDS = 
  $ ./config.status 

on asmus8.genetics.uga.edu

config.status:732: creating Makefile
config.status:732: creating src/Makefile
config.status:732: creating examples/Makefile
config.status:732: creating tests/Makefile
config.status:732: creating doc/Makefile
config.status:836: creating config.h
config.status:1160: executing depfiles commands
config.status:1160: executing _stdint.h commands
config.status:1249: creating _stdint.h : _NGILA__STDINT_H

## ---------------- ##
## Cache variables. ##
## ---------------- ##

ac_cv_build=i386-unknown-freebsd5.4
ac_cv_build_alias=i386-unknown-freebsd5.4
ac_cv_c_bigendian=no
ac_cv_c_compiler_gnu=yes
ac_cv_c_const=yes
ac_cv_c_inline=inline
ac_cv_cflags_warn_all=-Wall
ac_cv_cxx_compiler_gnu=yes
ac_cv_cxxflags_warn_all=-Wall
ac_cv_env_CC_set=
ac_cv_env_CC_value=
ac_cv_env_CFLAGS_set=
ac_cv_env_CFLAGS_value=
ac_cv_env_CPPFLAGS_set=
ac_cv_env_CPPFLAGS_value=
ac_cv_env_CPP_set=
ac_cv_env_CPP_value=
ac_cv_env_CXXCPP_set=
ac_cv_env_CXXCPP_value=
ac_cv_env_CXXFLAGS_set=
ac_cv_env_CXXFLAGS_value=
ac_cv_env_CXX_set=
ac_cv_env_CXX_value=
ac_cv_env_LDFLAGS_set=
ac_cv_env_LDFLAGS_value=
ac_cv_env_build_alias_set=
ac_cv_env_build_alias_value=
ac_cv_env_host_alias_set=
ac_cv_env_host_alias_value=
ac_cv_env_target_alias_set=
ac_cv_env_target_alias_value=
ac_cv_exeext=
ac_cv_func__doprnt=no
ac_cv_func_malloc_0_nonnull=yes
ac_cv_func_realloc_0_nonnull=yes
ac_cv_func_setvbuf_reversed=no
ac_cv_func_vprintf=yes
ac_cv_header_assert_h=yes
ac_cv_header_float_h=yes
ac_cv_header_getopt_h=yes
ac_cv_header_inttypes_h=yes
ac_cv_header_math_h=yes
ac_cv_header_memory_h=yes
ac_cv_header_process_h=no
ac_cv_header_stdarg_h=yes
ac_cv_header_stdbool_h=no
ac_cv_header_stdc=yes
ac_cv_header_stddef_h=yes
ac_cv_header_stdint=stdint.h
ac_cv_header_stdint_h=yes
ac_cv_header_stdint_t=stdint.h
ac_cv_header_stdio_h=yes
ac_cv_header_stdlib_h=yes
ac_cv_header_string_h=yes
ac_cv_header_strings_h=yes
ac_cv_header_sys_stat_h=yes
ac_cv_header_sys_types_h=yes
ac_cv_header_time_h=yes
ac_cv_header_unistd_h=yes
ac_cv_host=i386-unknown-freebsd5.4
ac_cv_host_alias=i386-unknown-freebsd5.4
ac_cv_lib_cprts_main=no
ac_cv_lib_cxa_main=no
ac_cv_lib_fl_yywrap=yes
ac_cv_lib_gcc_main=yes
ac_cv_lib_stdcpp_main=yes
ac_cv_lib_unwind_main=no
ac_cv_objext=o
ac_cv_path_install='/usr/bin/install -c'
ac_cv_prog_AWK=gawk
ac_cv_prog_CPP='gcc -E'
ac_cv_prog_CXXCPP='g++ -E'
ac_cv_prog_DIFF=diff
ac_cv_prog_LEX=flex
ac_cv_prog_YACC='bison -y'
ac_cv_prog_ac_ct_CC=gcc
ac_cv_prog_ac_ct_CXX=g++
ac_cv_prog_cc_g=yes
ac_cv_prog_cc_stdc=
ac_cv_prog_cxx_g=yes
ac_cv_prog_egrep='grep -E'
ac_cv_prog_lex_root=lex.yy
ac_cv_prog_lex_yytext_pointer=yes
ac_cv_prog_make_make_set=yes
ac_cv_stdint_message='using gnu compiler gcc (GCC) 3.4.2 [FreeBSD] 20040728'
ac_cv_stdint_result='(assuming C99 compatible system)'
ac_cv_type__Bool=no
ac_cv_type_size_t=yes
am_cv_CC_dependencies_compiler_type=gcc3
am_cv_CXX_dependencies_compiler_type=gcc3

## ----------------- ##
## Output variables. ##
## ----------------- ##

ACLOCAL='${SHELL} /home/reed/ngila/current/config/missing --run aclocal-1.9'
AMDEPBACKSLASH='\'
AMDEP_FALSE='#'
AMDEP_TRUE=''
AMTAR='${SHELL} /home/reed/ngila/current/config/missing --run tar'
AUTOCONF='${SHELL} /home/reed/ngila/current/config/missing --run autoconf'
AUTOHEADER='${SHELL} /home/reed/ngila/current/config/missing --run autoheader'
AUTOMAKE='${SHELL} /home/reed/ngila/current/config/missing --run automake-1.9'
AWK='gawk'
CC='gcc'
CCDEPMODE='depmode=gcc3'
CFLAGS='-g -O2 -Wall'
CPP='gcc -E'
CPPFLAGS=''
CXX='g++'
CXXCPP='g++ -E'
CXXDEPMODE='depmode=gcc3'
CXXFLAGS='-g -O2 -Wall'
CYGPATH_W='echo'
DEFS='-DHAVE_CONFIG_H'
DEPDIR='.deps'
DIFF='diff'
ECHO_C=''
ECHO_N='-n'
ECHO_T=''
EGREP='grep -E'
EXEEXT=''
INSTALL_DATA='${INSTALL} -m 644'
INSTALL_PROGRAM='${INSTALL}'
INSTALL_SCRIPT='${INSTALL}'
INSTALL_STRIP_PROGRAM='${SHELL} $(install_sh) -c -s'
LDFLAGS=''
LEX='flex'
LEXLIB='-lfl'
LEX_OUTPUT_ROOT='lex.yy'
LIBOBJS=''
LIBS='-lgcc -lstdc++ '
LTLIBOBJS=''
MAKEINFO='${SHELL} /home/reed/ngila/current/config/missing --run makeinfo'
OBJEXT='o'
PACKAGE='ngila'
PACKAGE_BUGREPORT='http://scit.us/projects/ngila/'
PACKAGE_NAME='ngila'
PACKAGE_STRING='ngila current-r1M'
PACKAGE_TARNAME='ngila'
PACKAGE_VERSION='current-r1M'
PATH_SEPARATOR=':'
SET_MAKE=''
SHELL='/bin/bash'
STRIP=''
VERSION='current-r1M'
YACC='bison -y'
ac_ct_CC='gcc'
ac_ct_CXX='g++'
ac_ct_STRIP=''
am__fastdepCC_FALSE='#'
am__fastdepCC_TRUE=''
am__fastdepCXX_FALSE='#'
am__fastdepCXX_TRUE=''
am__include='include'
am__leading_dot='.'
am__quote=''
am__tar='${AMTAR} chof - "$$tardir"'
am__untar='${AMTAR} xf -'
bindir='${exec_prefix}/bin'
build='i386-unknown-freebsd5.4'
build_alias=''
build_cpu='i386'
build_os='freebsd5.4'
build_vendor='unknown'
datadir='${prefix}/share'
exec_prefix='${prefix}'
host='i386-unknown-freebsd5.4'
host_alias=''
host_cpu='i386'
host_os='freebsd5.4'
host_vendor='unknown'
includedir='${prefix}/include'
infodir='${prefix}/info'
install_sh='/home/reed/ngila/current/config/install-sh'
libdir='${exec_prefix}/lib'
libexecdir='${exec_prefix}/libexec'
localstatedir='${prefix}/var'
mandir='${prefix}/man'
mkdir_p='$(install_sh) -d'
oldincludedir='/usr/include'
prefix='/usr/local'
program_transform_name='s,x,x,'
sbindir='${exec_prefix}/sbin'
sharedstatedir='${prefix}/com'
sysconfdir='${prefix}/etc'
target_alias=''

## ----------- ##
## confdefs.h. ##
## ----------- ##

#define HAVE_ASSERT_H 1
#define HAVE_FLOAT_H 1
#define HAVE_GETOPT_H 1
#define HAVE_INTTYPES_H 1
#define HAVE_LIBGCC 1
#define HAVE_LIBSTDC__ 1
#define HAVE_MALLOC 1
#define HAVE_MATH_H 1
#define HAVE_MEMORY_H 1
#define HAVE_REALLOC 1
#define HAVE_STDARG_H 1
#define HAVE_STDDEF_H 1
#define HAVE_STDINT_H 1
#define HAVE_STDIO_H 1
#define HAVE_STDLIB_H 1
#define HAVE_STDLIB_H 1
#define HAVE_STDLIB_H 1
#define HAVE_STRINGS_H 1
#define HAVE_STRING_H 1
#define HAVE_SYS_STAT_H 1
#define HAVE_SYS_TYPES_H 1
#define HAVE_TIME_H 1
#define HAVE_UNISTD_H 1
#define HAVE_UNISTD_H 1
#define HAVE_VPRINTF 1
#define PACKAGE "ngila"
#define PACKAGE_BUGREPORT "http://scit.us/projects/ngila/"
#define PACKAGE_NAME "ngila"
#define PACKAGE_STRING "ngila current-r1M"
#define PACKAGE_TARNAME "ngila"
#define PACKAGE_VERSION "current-r1M"
#define PROTOTYPES 1
#define STDC_HEADERS 1
#define VERSION "current-r1M"
#define YYTEXT_POINTER 1
#define __PROTOTYPES 1
#endif
#ifdef __cplusplus
extern "C" void std::exit (int) throw (); using std::exit;

configure: exit 0
